e:\mygamesengine\learnopenglandglfw\opengl\bin\x64\debug\opengl.exe
e:\mygamesengine\learnopenglandglfw\opengl\bin\intermediate\x64\debug\opengl.ilk
e:\mygamesengine\learnopenglandglfw\opengl\bin\x64\debug\opengl.pdb
e:\mygamesengine\learnopenglandglfw\opengl\bin\intermediate\x64\debug\vc143.pdb
e:\mygamesengine\learnopenglandglfw\opengl\bin\intermediate\x64\debug\vc143.idb
e:\mygamesengine\learnopenglandglfw\opengl\bin\intermediate\x64\debug\vertexbuffer.obj
e:\mygamesengine\learnopenglandglfw\opengl\bin\intermediate\x64\debug\renderer.obj
e:\mygamesengine\learnopenglandglfw\opengl\bin\intermediate\x64\debug\indexbuffer.obj
e:\mygamesengine\learnopenglandglfw\opengl\bin\intermediate\x64\debug\application.obj
e:\mygamesengine\learnopenglandglfw\opengl\bin\intermediate\x64\debug\vertexarray.obj
e:\mygamesengine\learnopenglandglfw\opengl\bin\intermediate\x64\debug\shader.obj
e:\mygamesengine\learnopenglandglfw\opengl\bin\intermediate\x64\debug\textre.obj
e:\mygamesengine\learnopenglandglfw\opengl\bin\intermediate\x64\debug\texture.obj
e:\mygamesengine\learnopenglandglfw\opengl\bin\intermediate\x64\debug\cpp.obj
e:\mygamesengine\learnopenglandglfw\opengl\\bin\x64\debug\opengl.pdb
e:\mygamesengine\learnopenglandglfw\opengl\\bin\intermediate\x64\debug\opengl.vcxproj.filelistabsolute.txt
e:\mygamesengine\learnopenglandglfw\opengl\bin\intermediate\x64\debug\opengl.tlog\cl.command.1.tlog
e:\mygamesengine\learnopenglandglfw\opengl\bin\intermediate\x64\debug\opengl.tlog\link.write.1.tlog
e:\mygamesengine\learnopenglandglfw\opengl\bin\intermediate\x64\debug\opengl.tlog\link.command.1.tlog
e:\mygamesengine\learnopenglandglfw\opengl\bin\intermediate\x64\debug\opengl.tlog\link.read.2.tlog
e:\mygamesengine\learnopenglandglfw\opengl\bin\intermediate\x64\debug\opengl.tlog\cl.write.1.tlog
e:\mygamesengine\learnopenglandglfw\opengl\bin\intermediate\x64\debug\opengl.tlog\cl.read.1.tlog
e:\mygamesengine\learnopenglandglfw\opengl\bin\intermediate\x64\debug\opengl.tlog\link.24936-rc.read.1.tlog
e:\mygamesengine\learnopenglandglfw\opengl\bin\intermediate\x64\debug\opengl.tlog\link.24936-rc.write.1.tlog
e:\mygamesengine\learnopenglandglfw\opengl\bin\intermediate\x64\debug\opengl.tlog\link.24936-cvtres.read.1.tlog
e:\mygamesengine\learnopenglandglfw\opengl\bin\intermediate\x64\debug\opengl.tlog\link.24936-cvtres.write.1.tlog
e:\mygamesengine\learnopenglandglfw\opengl\bin\intermediate\x64\debug\opengl.tlog\link.24936.read.2.tlog
e:\mygamesengine\learnopenglandglfw\opengl\bin\intermediate\x64\debug\opengl.tlog\link.24936.read.1.tlog
e:\mygamesengine\learnopenglandglfw\opengl\bin\intermediate\x64\debug\opengl.tlog\link.24936.write.1.tlog
e:\mygamesengine\learnopenglandglfw\opengl\bin\intermediate\x64\debug\opengl.tlog\link.read.1.tlog
e:\mygamesengine\learnopenglandglfw\opengl\bin\intermediate\x64\debug\opengl.tlog\link-rc.read.1.tlog
e:\mygamesengine\learnopenglandglfw\opengl\bin\intermediate\x64\debug\opengl.tlog\link-rc.write.1.tlog
e:\mygamesengine\learnopenglandglfw\opengl\bin\intermediate\x64\debug\opengl.tlog\link-cvtres.read.1.tlog
e:\mygamesengine\learnopenglandglfw\opengl\bin\intermediate\x64\debug\opengl.tlog\link-cvtres.write.1.tlog
e:\mygamesengine\learnopenglandglfw\opengl\bin\intermediate\x64\debug\opengl.tlog\link.read.3.tlog
