  Application.cpp
  IndexBuffer.cpp
  Renderer.cpp
  Shader.cpp
  TestBatchRender.cpp
E:\MyGamesEngine\LearnOpenGLandGLFW\OpenGL\OpenGL\src\Test\TestBatchRender.cpp(53,33): warning C4267: “参数”: 从“size_t”转换到“unsigned int”，可能丢失数据
C:\Program Files\Microsoft Visual Studio\2022\Community\VC\Tools\MSVC\14.35.32215\include\memory(3393,56): warning C4244: “参数”: 从“_Ty”转换到“unsigned int”，可能丢失数据
          with
          [
              _Ty=unsigned __int64
          ]
E:\MyGamesEngine\LearnOpenGLandGLFW\OpenGL\OpenGL\src\Test\TestBatchRender.cpp(37): message : 查看对正在编译的函数 模板 实例化“std::unique_ptr<VertexBuffer,std::default_delete<VertexBuffer>> std::make_unique<VertexBuffer,float(&)[88],unsigned __int64,0>(float (&)[88],unsigned __int64 &&)”的引用
  TestClearColor.cpp
  TestTexture2D.cpp
C:\Program Files\Microsoft Visual Studio\2022\Community\VC\Tools\MSVC\14.35.32215\include\memory(3393,56): warning C4244: “参数”: 从“_Ty”转换到“unsigned int”，可能丢失数据
          with
          [
              _Ty=unsigned __int64
          ]
E:\MyGamesEngine\LearnOpenGLandGLFW\OpenGL\OpenGL\src\Test\TestTexture2D.cpp(32): message : 查看对正在编译的函数 模板 实例化“std::unique_ptr<VertexBuffer,std::default_delete<VertexBuffer>> std::make_unique<VertexBuffer,float(&)[16],unsigned __int64,0>(float (&)[16],unsigned __int64 &&)”的引用
  Texture.cpp
  VertexArray.cpp
E:\MyGamesEngine\LearnOpenGLandGLFW\OpenGL\OpenGL\src\VertexArray.cpp(22,3): warning C4312: “类型强制转换”: 从“unsigned int”转换到更大的“const void *”
  VertexBuffer.cpp
  正在生成代码...
E:\MyGamesEngine\LearnOpenGLandGLFW\OpenGL\\bin\intermediate\x64\Debug\glm.obj : warning LNK4042: 对象被多次指定；已忽略多余的指定
glew32s.lib(glew.obj) : warning LNK4099: 未找到 PDB“”(使用“glew32s.lib(glew.obj)”或在“”中寻找)；正在链接对象，如同没有调试信息一样
LINK : warning LNK4098: 默认库“LIBCMT”与其他库的使用冲突；请使用 /NODEFAULTLIB:library
  OpenGL.vcxproj -> E:\MyGamesEngine\LearnOpenGLandGLFW\OpenGL\bin\x64\Debug\OpenGL.exe
